d:\code\taskmanager\taskmanager\x64\debug\vc143.pdb
d:\code\taskmanager\taskmanager\x64\debug\vc143.idb
d:\code\taskmanager\taskmanager\x64\debug\main.obj
d:\code\taskmanager\taskmanager\x64\debug\usermanagerfunctions.obj
d:\code\taskmanager\taskmanager\x64\debug\taskmanagerfunctions.obj
d:\code\taskmanager\taskmanager\x64\debug\logininterfacefunction.obj
d:\code\taskmanager\x64\debug\taskmanager.exe
d:\code\taskmanager\x64\debug\taskmanager.pdb
d:\code\taskmanager\taskmanager\x64\debug\taskmanager.ilk
d:\code\taskmanager\taskmanager\x64\debug\logininterfacefunction.nativecodeanalysis.xml
d:\code\taskmanager\taskmanager\x64\debug\main.nativecodeanalysis.xml
d:\code\taskmanager\taskmanager\x64\debug\taskmanagerfunctions.nativecodeanalysis.xml
d:\code\taskmanager\taskmanager\x64\debug\usermanagerfunctions.nativecodeanalysis.xml
d:\code\taskmanager\taskmanager\x64\debug\vc.nativecodeanalysis.all.xml
d:\code\taskmanager\taskmanager\x64\debug\taskmanager.tlog\cl.read.1.tlog
d:\code\taskmanager\taskmanager\x64\debug\taskmanager.tlog\cl.write.1.tlog
d:\code\taskmanager\taskmanager\x64\debug\taskmanager.tlog\cl.command.1.tlog
d:\code\taskmanager\taskmanager\x64\debug\taskmanager.tlog\link.read.2.tlog
d:\code\taskmanager\taskmanager\x64\debug\taskmanager.tlog\link.write.1.tlog
d:\code\taskmanager\taskmanager\x64\debug\taskmanager.tlog\link.secondary.1.tlog
d:\code\taskmanager\taskmanager\x64\debug\taskmanager.tlog\link.command.1.tlog
d:\code\taskmanager\taskmanager\x64\debug\taskmanager.tlog\cl.items.tlog
